<?xml version="1.0" encoding="UTF-8"?>
<!-- Generated by org.testng.reporters.JUnitXMLReporter -->
<testsuite ignored="0" hostname="DESKTOP-2S5B2IC" failures="0" tests="3" name="Test" time="5.74" errors="0" timestamp="2023-04-25T16:19:43 IST">
  <testcase classname="UI.S62andS63_BeforeTestandAfterTest" name="aTest1" time="0.013"/>
  <testcase classname="UI.S62andS63_BeforeTestandAfterTest" name="aTest2" time="0.005"/>
  <testcase classname="UI.S64_HardAssertion" name="titleTest" time="5.587"/>
</testsuite> <!-- Test -->
