<?xml version="1.0" encoding="UTF-8"?>
<testng-results ignored="0" total="2" passed="2" failed="0" skipped="0">
  <reporter-output>
  </reporter-output>
  <suite started-at="2023-05-16T13:08:27 IST" name="Default suite" finished-at="2023-05-16T13:08:28 IST" duration-ms="58">
    <groups>
    </groups>
    <test started-at="2023-05-16T13:08:27 IST" name="Default test" finished-at="2023-05-16T13:08:28 IST" duration-ms="58">
      <class name="UI.S62andS63_BeforeTestandAfterTest">
        <test-method is-config="true" signature="dataSetup()[pri:0, instance:UI.S62andS63_BeforeTestandAfterTest@6b2ea799]" started-at="2023-05-16T13:08:27 IST" name="dataSetup" finished-at="2023-05-16T13:08:27 IST" duration-ms="10" status="PASS">
          <reporter-output>
          </reporter-output>
        </test-method> <!-- dataSetup -->
        <test-method is-config="true" signature="loginToApplication()[pri:0, instance:UI.S62andS63_BeforeTestandAfterTest@6b2ea799]" started-at="2023-05-16T13:08:27 IST" name="loginToApplication" finished-at="2023-05-16T13:08:27 IST" duration-ms="1" status="PASS">
          <reporter-output>
          </reporter-output>
        </test-method> <!-- loginToApplication -->
        <test-method is-config="true" signature="connectToDB()[pri:0, instance:UI.S62andS63_BeforeTestandAfterTest@6b2ea799]" started-at="2023-05-16T13:08:28 IST" name="connectToDB" finished-at="2023-05-16T13:08:28 IST" duration-ms="0" status="PASS">
          <reporter-output>
          </reporter-output>
        </test-method> <!-- connectToDB -->
        <test-method signature="aTest1()[pri:1, instance:UI.S62andS63_BeforeTestandAfterTest@6b2ea799]" started-at="2023-05-16T13:08:28 IST" name="aTest1" description="This is login test" finished-at="2023-05-16T13:08:28 IST" duration-ms="9" status="PASS">
          <reporter-output>
          </reporter-output>
        </test-method> <!-- aTest1 -->
        <test-method is-config="true" signature="disConnectToDB()[pri:0, instance:UI.S62andS63_BeforeTestandAfterTest@6b2ea799]" started-at="2023-05-16T13:08:28 IST" name="disConnectToDB" finished-at="2023-05-16T13:08:28 IST" duration-ms="1" status="PASS">
          <reporter-output>
          </reporter-output>
        </test-method> <!-- disConnectToDB -->
        <test-method is-config="true" signature="connectToDB()[pri:0, instance:UI.S62andS63_BeforeTestandAfterTest@6b2ea799]" started-at="2023-05-16T13:08:28 IST" name="connectToDB" finished-at="2023-05-16T13:08:28 IST" duration-ms="1" status="PASS">
          <reporter-output>
          </reporter-output>
        </test-method> <!-- connectToDB -->
        <test-method signature="aTest2()[pri:2, instance:UI.S62andS63_BeforeTestandAfterTest@6b2ea799]" started-at="2023-05-16T13:08:28 IST" name="aTest2" description="This is logout test" finished-at="2023-05-16T13:08:28 IST" duration-ms="3" status="PASS">
          <reporter-output>
          </reporter-output>
        </test-method> <!-- aTest2 -->
        <test-method is-config="true" signature="disConnectToDB()[pri:0, instance:UI.S62andS63_BeforeTestandAfterTest@6b2ea799]" started-at="2023-05-16T13:08:28 IST" name="disConnectToDB" finished-at="2023-05-16T13:08:28 IST" duration-ms="0" status="PASS">
          <reporter-output>
          </reporter-output>
        </test-method> <!-- disConnectToDB -->
        <test-method is-config="true" signature="logoutFromApplication()[pri:0, instance:UI.S62andS63_BeforeTestandAfterTest@6b2ea799]" started-at="2023-05-16T13:08:28 IST" name="logoutFromApplication" finished-at="2023-05-16T13:08:28 IST" duration-ms="0" status="PASS">
          <reporter-output>
          </reporter-output>
        </test-method> <!-- logoutFromApplication -->
        <test-method is-config="true" signature="dataTearDown()[pri:0, instance:UI.S62andS63_BeforeTestandAfterTest@6b2ea799]" started-at="2023-05-16T13:08:28 IST" name="dataTearDown" finished-at="2023-05-16T13:08:28 IST" duration-ms="1" status="PASS">
          <reporter-output>
          </reporter-output>
        </test-method> <!-- dataTearDown -->
      </class> <!-- UI.S62andS63_BeforeTestandAfterTest -->
    </test> <!-- Default test -->
  </suite> <!-- Default suite -->
</testng-results>
