<?xml version="1.0" encoding="UTF-8"?>
<!-- Generated by org.testng.reporters.JUnitXMLReporter -->
<testsuite ignored="4" hostname="DESKTOP-2S5B2IC" failures="2" tests="8" name="Test" time="1563.555" errors="0" timestamp="2023-05-31T15:02:03 IST">
  <testcase classname="testcases.AMR.BR" name="BRAZIL_AGREEMENT" time="136.596">
    <skipped/>
  </testcase> <!-- BRAZIL_AGREEMENT -->
  <testcase classname="testcases.AMR.BR" name="BRAZIL_AGREEMENT" time="99.879">
    <skipped/>
  </testcase> <!-- BRAZIL_AGREEMENT -->
  <testcase classname="testcases.AMR.BR" name="BRAZIL_AGREEMENT" time="99.56">
    <failure type="java.lang.IllegalArgumentException" message="Cannot find elements when the XPath is null.">
      <![CDATA[java.lang.IllegalArgumentException: Cannot find elements when the XPath is null.
at org.openqa.selenium.internal.Require$ArgumentChecker.nonNull(Require.java:207)
at org.openqa.selenium.By$ByXPath.<init>(By.java:287)
at org.openqa.selenium.By.xpath(By.java:89)
at testcases.AMR.BR.BRAZIL_AGREEMENT(BR.java:142)
at java.base/java.util.ArrayList.forEach(ArrayList.java:1511)
... Removed 25 stack frames]]>
    </failure>
  </testcase> <!-- BRAZIL_AGREEMENT -->
  <testcase classname="testcases.AMR.PE2" name="peruAgreement" time="135.341">
    <skipped/>
  </testcase> <!-- peruAgreement -->
  <testcase classname="testcases.AMR.PE2" name="peruAgreement" time="311.773">
    <skipped/>
  </testcase> <!-- peruAgreement -->
  <testcase classname="testcases.AMR.PE2" name="peruAgreement" time="296.523">
    <failure type="org.openqa.selenium.TimeoutException" message="Expected condition failed: waiting for visibility of element located by By.xpath: //label[@for=&amp;apos;opt-out-checkbox-redeemable-promo-group-1&amp;apos;] (tried for 100 second(s) with 500 milliseconds interval)
Build info: version: &amp;apos;4.8.3&amp;apos;, revision: &amp;apos;e5e76298c3&amp;apos;
System info: os.name: &amp;apos;Windows 11&amp;apos;, os.arch: &amp;apos;amd64&amp;apos;, os.version: &amp;apos;10.0&amp;apos;, java.version: &amp;apos;20&amp;apos;
Driver info: org.openqa.selenium.chrome.ChromeDriver
Capabilities {acceptInsecureCerts: false, browserName: chrome, browserVersion: 113.0.5672.127, chrome: {chromedriverVersion: 113.0.5672.63 (0e1a4471d5ae..., userDataDir: C:\Users\CLOUDA~1\AppData\L...}, goog:chromeOptions: {debuggerAddress: localhost:63083}, networkConnectionEnabled: false, pageLoadStrategy: normal, platformName: WINDOWS, proxy: Proxy(), se:cdp: ws://localhost:63083/devtoo..., se:cdpVersion: 113.0.5672.127, setWindowRect: true, strictFileInteractability: false, timeouts: {implicit: 0, pageLoad: 300000, script: 30000}, unhandledPromptBehavior: dismiss and notify, webauthn:extension:credBlob: true, webauthn:extension:largeBlob: true, webauthn:extension:minPinLength: true, webauthn:extension:prf: true, webauthn:virtualAuthenticators: true}
Session ID: 08b9878f4a8497d1256f81cb297dbe5d">
      <![CDATA[org.openqa.selenium.TimeoutException: Expected condition failed: waiting for visibility of element located by By.xpath: //label[@for='opt-out-checkbox-redeemable-promo-group-1'] (tried for 100 second(s) with 500 milliseconds interval)
Build info: version: '4.8.3', revision: 'e5e76298c3'
System info: os.name: 'Windows 11', os.arch: 'amd64', os.version: '10.0', java.version: '20'
Driver info: org.openqa.selenium.chrome.ChromeDriver
Capabilities {acceptInsecureCerts: false, browserName: chrome, browserVersion: 113.0.5672.127, chrome: {chromedriverVersion: 113.0.5672.63 (0e1a4471d5ae..., userDataDir: C:\Users\CLOUDA~1\AppData\L...}, goog:chromeOptions: {debuggerAddress: localhost:63083}, networkConnectionEnabled: false, pageLoadStrategy: normal, platformName: WINDOWS, proxy: Proxy(), se:cdp: ws://localhost:63083/devtoo..., se:cdpVersion: 113.0.5672.127, setWindowRect: true, strictFileInteractability: false, timeouts: {implicit: 0, pageLoad: 300000, script: 30000}, unhandledPromptBehavior: dismiss and notify, webauthn:extension:credBlob: true, webauthn:extension:largeBlob: true, webauthn:extension:minPinLength: true, webauthn:extension:prf: true, webauthn:virtualAuthenticators: true}
Session ID: 08b9878f4a8497d1256f81cb297dbe5d
at org.openqa.selenium.support.ui.WebDriverWait.timeoutException(WebDriverWait.java:87)
at org.openqa.selenium.support.ui.FluentWait.until(FluentWait.java:231)
at testcases.AMR.PE2.peruAgreement(PE2.java:243)
at java.base/java.util.ArrayList.forEach(ArrayList.java:1511)
... Removed 25 stack frames]]>
    </failure>
  </testcase> <!-- peruAgreement -->
  <testcase classname="testcases.NAR.US" name="usAgreement" time="152.195">
    <skipped/>
  </testcase> <!-- usAgreement -->
  <testcase classname="testcases.NAR.US" name="usAgreement" time="326.019"/>
  <testcase classname="common.Base" name="@AfterSuite closingBrowser" time="0.0">
    <ignored/>
  </testcase> <!-- @AfterSuite closingBrowser -->
  <testcase classname="common.Base" name="@AfterSuite closingBrowser" time="0.0">
    <ignored/>
  </testcase> <!-- @AfterSuite closingBrowser -->
  <testcase classname="common.Base" name="@BeforeSuite launchBrowser" time="0.0">
    <ignored/>
  </testcase> <!-- @BeforeSuite launchBrowser -->
  <testcase classname="common.Base" name="@BeforeSuite launchBrowser" time="0.0">
    <ignored/>
  </testcase> <!-- @BeforeSuite launchBrowser -->
</testsuite> <!-- Test -->
