<?xml version="1.0" encoding="UTF-8"?>
<!-- Generated by org.testng.reporters.JUnitXMLReporter -->
<testsuite ignored="0" hostname="DESKTOP-2S5B2IC" failures="1" tests="2" name="FUnctional Testing" time="363.564" errors="0" timestamp="2023-05-25T14:16:57 IST">
  <testcase classname="testcases.US" name="usAgreement" time="179.463">
    <skipped/>
  </testcase> <!-- usAgreement -->
  <testcase classname="testcases.US" name="usAgreement" time="182.572">
    <failure type="org.openqa.selenium.ElementClickInterceptedException" message="element click intercepted: Element &amp;lt;button class=&amp;quot;btn btn-primary btn-block automation-shipping-continueToPaymentButton submit-shipping lockable-bound&amp;quot; data-action=&amp;quot;/on/demandware.store/Sites-marykayintouch-us-Site/en_US/CheckoutShippingServices-SubmitShipping&amp;quot; data-deniedcustomer=&amp;quot;false&amp;quot; type=&amp;quot;submit&amp;quot; name=&amp;quot;submit&amp;quot;&amp;gt;...&amp;lt;/button&amp;gt; is not clickable at point (165, 539). Other element would receive the click: &amp;lt;div class=&amp;quot;row&amp;quot;&amp;gt;...&amp;lt;/div&amp;gt;
  (Session info: chrome=113.0.5672.93)
Build info: version: &amp;apos;4.8.3&amp;apos;, revision: &amp;apos;e5e76298c3&amp;apos;
System info: os.name: &amp;apos;Windows 10&amp;apos;, os.arch: &amp;apos;amd64&amp;apos;, os.version: &amp;apos;10.0&amp;apos;, java.version: &amp;apos;20&amp;apos;
Driver info: org.openqa.selenium.chrome.ChromeDriver
Command: [4e62af675ad8288146d0f81f957bc2e2, clickElement {id=A790F0517E14AD8CA1F408F719B7D513_element_126}]
Capabilities {acceptInsecureCerts: false, browserName: chrome, browserVersion: 113.0.5672.93, chrome: {chromedriverVersion: 113.0.5672.63 (0e1a4471d5ae..., userDataDir: C:\Users\CLOUDA~1\AppData\L...}, goog:chromeOptions: {debuggerAddress: localhost:58718}, networkConnectionEnabled: false, pageLoadStrategy: normal, platformName: WINDOWS, proxy: Proxy(), se:cdp: ws://localhost:58718/devtoo..., se:cdpVersion: 113.0.5672.93, setWindowRect: true, strictFileInteractability: false, timeouts: {implicit: 0, pageLoad: 300000, script: 30000}, unhandledPromptBehavior: dismiss and notify, webauthn:extension:credBlob: true, webauthn:extension:largeBlob: true, webauthn:extension:minPinLength: true, webauthn:extension:prf: true, webauthn:virtualAuthenticators: true}
Element: [[ChromeDriver: chrome on WINDOWS (4e62af675ad8288146d0f81f957bc2e2)] -&amp;gt; xpath: //div[@class=&amp;apos;next-step-button&amp;apos;]//button[@class=&amp;apos;btn btn-primary btn-block automation-shipping-continueToPaymentButton submit-shipping lockable-bound&amp;apos;]]
Session ID: 4e62af675ad8288146d0f81f957bc2e2">
      <![CDATA[org.openqa.selenium.ElementClickInterceptedException: element click intercepted: Element <button class="btn btn-primary btn-block automation-shipping-continueToPaymentButton submit-shipping lockable-bound" data-action="/on/demandware.store/Sites-marykayintouch-us-Site/en_US/CheckoutShippingServices-SubmitShipping" data-deniedcustomer="false" type="submit" name="submit">...</button> is not clickable at point (165, 539). Other element would receive the click: <div class="row">...</div>
  (Session info: chrome=113.0.5672.93)
Build info: version: '4.8.3', revision: 'e5e76298c3'
System info: os.name: 'Windows 10', os.arch: 'amd64', os.version: '10.0', java.version: '20'
Driver info: org.openqa.selenium.chrome.ChromeDriver
Command: [4e62af675ad8288146d0f81f957bc2e2, clickElement {id=A790F0517E14AD8CA1F408F719B7D513_element_126}]
Capabilities {acceptInsecureCerts: false, browserName: chrome, browserVersion: 113.0.5672.93, chrome: {chromedriverVersion: 113.0.5672.63 (0e1a4471d5ae..., userDataDir: C:\Users\CLOUDA~1\AppData\L...}, goog:chromeOptions: {debuggerAddress: localhost:58718}, networkConnectionEnabled: false, pageLoadStrategy: normal, platformName: WINDOWS, proxy: Proxy(), se:cdp: ws://localhost:58718/devtoo..., se:cdpVersion: 113.0.5672.93, setWindowRect: true, strictFileInteractability: false, timeouts: {implicit: 0, pageLoad: 300000, script: 30000}, unhandledPromptBehavior: dismiss and notify, webauthn:extension:credBlob: true, webauthn:extension:largeBlob: true, webauthn:extension:minPinLength: true, webauthn:extension:prf: true, webauthn:virtualAuthenticators: true}
Element: [[ChromeDriver: chrome on WINDOWS (4e62af675ad8288146d0f81f957bc2e2)] -> xpath: //div[@class='next-step-button']//button[@class='btn btn-primary btn-block automation-shipping-continueToPaymentButton submit-shipping lockable-bound']]
Session ID: 4e62af675ad8288146d0f81f957bc2e2
at org.openqa.selenium.remote.codec.w3c.W3CHttpResponseCodec.createException(W3CHttpResponseCodec.java:200)
at org.openqa.selenium.remote.codec.w3c.W3CHttpResponseCodec.decode(W3CHttpResponseCodec.java:133)
at org.openqa.selenium.remote.codec.w3c.W3CHttpResponseCodec.decode(W3CHttpResponseCodec.java:53)
at org.openqa.selenium.remote.HttpCommandExecutor.execute(HttpCommandExecutor.java:193)
at org.openqa.selenium.remote.service.DriverCommandExecutor.invokeExecute(DriverCommandExecutor.java:183)
at org.openqa.selenium.remote.service.DriverCommandExecutor.execute(DriverCommandExecutor.java:158)
at org.openqa.selenium.remote.RemoteWebDriver.execute(RemoteWebDriver.java:543)
at org.openqa.selenium.remote.RemoteWebElement.execute(RemoteWebElement.java:257)
at org.openqa.selenium.remote.RemoteWebElement.click(RemoteWebElement.java:78)
at testcases.US.usAgreement(US.java:172)
at java.base/java.util.ArrayList.forEach(ArrayList.java:1511)
... Removed 28 stack frames]]>
    </failure>
  </testcase> <!-- usAgreement -->
</testsuite> <!-- FUnctional Testing -->
