<?xml version="1.0" encoding="UTF-8"?>
<!-- Generated by org.testng.reporters.JUnitXMLReporter -->
<testsuite ignored="0" hostname="DESKTOP-2S5B2IC" failures="0" tests="4" name="GRP-user-registration" time="0.084" errors="0" timestamp="2023-04-25T15:12:40 IST">
  <testcase classname="UI.S66_GroupTestCases" name="bTest3" time="0.011"/>
  <testcase classname="UI.S66_GroupTestCases" name="bTest4" time="0.003"/>
  <testcase classname="UI.S66_GroupTestCases" name="aTest1" time="0.002"/>
  <testcase classname="UI.S66_GroupTestCases" name="bTest2" time="0.003"/>
</testsuite> <!-- GRP-user-registration -->
