<?xml version="1.0" encoding="UTF-8"?>
<!-- Generated by org.testng.reporters.JUnitXMLReporter -->
<testsuite ignored="2" hostname="DESKTOP-2S5B2IC" failures="0" tests="2" name="GRP-bvt" time="0.076" errors="0" timestamp="2023-04-25T15:13:54 IST">
  <testcase classname="UI.S66_GroupTestCases" name="bTest3" time="0.01"/>
  <testcase classname="UI.S66_GroupTestCases" name="bTest4" time="0.002"/>
  <testcase classname="UI.S66_GroupTestCases" name="bTest2" time="0.0">
    <ignored/>
  </testcase> <!-- bTest2 -->
  <testcase classname="UI.S66_GroupTestCases" name="aTest1" time="0.0">
    <ignored/>
  </testcase> <!-- aTest1 -->
</testsuite> <!-- GRP-bvt -->
