<?xml version="1.0" encoding="UTF-8"?>
<!-- Generated by org.testng.reporters.JUnitXMLReporter -->
<testsuite ignored="1" hostname="DESKTOP-2S5B2IC" failures="0" tests="3" name="GRP-regression" time="0.069" errors="0" timestamp="2023-04-25T15:13:10 IST">
  <testcase classname="UI.S66_GroupTestCases" name="bTest3" time="0.01"/>
  <testcase classname="UI.S66_GroupTestCases" name="aTest1" time="0.001"/>
  <testcase classname="UI.S66_GroupTestCases" name="bTest2" time="0.002"/>
  <testcase classname="UI.S66_GroupTestCases" name="bTest4" time="0.0">
    <ignored/>
  </testcase> <!-- bTest4 -->
</testsuite> <!-- GRP-regression -->
