<?xml version="1.0" encoding="UTF-8"?>
<!-- Generated by org.testng.reporters.JUnitXMLReporter -->
<testsuite ignored="0" hostname="DESKTOP-2S5B2IC" failures="0" tests="4" name="Test" time="0.098" errors="0" timestamp="2023-04-26T11:02:55 IST">
  <testcase classname="UI.S70_BeforeandAfterSuiteExtendsCommonDataSetup" name="bTest3" time="0.01"/>
  <testcase classname="UI.S70_BeforeandAfterSuiteExtendsCommonDataSetup" name="bTest4" time="0.005"/>
  <testcase classname="UI.S70_BeforeandAfterSuiteExtendsCommonDataSetup" name="aTest1" time="0.002"/>
  <testcase classname="UI.S70_BeforeandAfterSuiteExtendsCommonDataSetup" name="aTest2" time="0.003"/>
</testsuite> <!-- Test -->
